{"C:\\Users\\ranad\\OneDrive\\Masaüstü\\smart-campus2-frontend\\src\\config\\appConfig.js": {"path":"C:\\Users\\ranad\\OneDrive\\Masaüstü\\smart-campus2-frontend\\src\\config\\appConfig.js","statementMap":{"0":{"start":{"line":1,"column":26},"end":{"line":5,"column":1}},"1":{"start":{"line":6,"column":25},"end":{"line":21,"column":1}}},"fnMap":{},"branchMap":{"0":{"loc":{"start":{"line":2,"column":16},"end":{"line":2,"column":83}},"type":"binary-expr","locations":[{"start":{"line":2,"column":16},"end":{"line":2,"column":49}},{"start":{"line":2,"column":53},"end":{"line":2,"column":83}}],"line":2},"1":{"loc":{"start":{"line":3,"column":13},"end":{"line":3,"column":59}},"type":"binary-expr","locations":[{"start":{"line":3,"column":13},"end":{"line":3,"column":42}},{"start":{"line":3,"column":46},"end":{"line":3,"column":59}}],"line":3},"2":{"loc":{"start":{"line":4,"column":21},"end":{"line":4,"column":81}},"type":"binary-expr","locations":[{"start":{"line":4,"column":21},"end":{"line":4,"column":59}},{"start":{"line":4,"column":63},"end":{"line":4,"column":81}}],"line":4}},"s":{"0":3,"1":3},"f":{},"b":{"0":[3,0],"1":[3,0],"2":[3,0]},"meta":{"lastBranch":3,"lastFunction":0,"lastStatement":2,"seen":{"s:1:26:5:1":0,"b:2:16:2:49:2:53:2:83":0,"b:3:13:3:42:3:46:3:59":1,"b:4:21:4:59:4:63:4:81":2,"s:6:25:21:1":1}}}
,"C:\\Users\\ranad\\OneDrive\\Masaüstü\\smart-campus2-frontend\\src\\constants\\departments.js": {"path":"C:\\Users\\ranad\\OneDrive\\Masaüstü\\smart-campus2-frontend\\src\\constants\\departments.js","statementMap":{"0":{"start":{"line":1,"column":33},"end":{"line":7,"column":1}}},"fnMap":{},"branchMap":{},"s":{"0":1},"f":{},"b":{},"meta":{"lastBranch":0,"lastFunction":0,"lastStatement":1,"seen":{"s:1:33:7:1":0}}}
,"C:\\Users\\ranad\\OneDrive\\Masaüstü\\smart-campus2-frontend\\src\\context\\AuthContext.jsx": {"path":"C:\\Users\\ranad\\OneDrive\\Masaüstü\\smart-campus2-frontend\\src\\context\\AuthContext.jsx","statementMap":{"0":{"start":{"line":7,"column":6},"end":{"line":7,"column":null}},"1":{"start":{"line":9,"column":28},"end":{"line":98,"column":null}},"2":{"start":{"line":10,"column":22},"end":{"line":10,"column":null}},"3":{"start":{"line":10,"column":41},"end":{"line":10,"column":63}},"4":{"start":{"line":11,"column":42},"end":{"line":11,"column":null}},"5":{"start":{"line":13,"column":2},"end":{"line":39,"column":null}},"6":{"start":{"line":14,"column":23},"end":{"line":37,"column":null}},"7":{"start":{"line":15,"column":6},"end":{"line":18,"column":null}},"8":{"start":{"line":16,"column":8},"end":{"line":16,"column":null}},"9":{"start":{"line":17,"column":8},"end":{"line":17,"column":null}},"10":{"start":{"line":19,"column":6},"end":{"line":36,"column":null}},"11":{"start":{"line":20,"column":24},"end":{"line":20,"column":null}},"12":{"start":{"line":21,"column":8},"end":{"line":21,"column":null}},"13":{"start":{"line":23,"column":27},"end":{"line":23,"column":null}},"14":{"start":{"line":24,"column":8},"end":{"line":24,"column":null}},"15":{"start":{"line":27,"column":29},"end":{"line":27,"column":null}},"16":{"start":{"line":28,"column":8},"end":{"line":33,"column":null}},"17":{"start":{"line":29,"column":10},"end":{"line":29,"column":null}},"18":{"start":{"line":31,"column":10},"end":{"line":31,"column":null}},"19":{"start":{"line":32,"column":10},"end":{"line":32,"column":null}},"20":{"start":{"line":35,"column":8},"end":{"line":35,"column":null}},"21":{"start":{"line":38,"column":4},"end":{"line":38,"column":null}},"22":{"start":{"line":41,"column":8},"end":{"line":50,"column":null}},"23":{"start":{"line":42,"column":52},"end":{"line":42,"column":null}},"24":{"start":{"line":44,"column":21},"end":{"line":44,"column":null}},"25":{"start":{"line":47,"column":4},"end":{"line":47,"column":null}},"26":{"start":{"line":48,"column":4},"end":{"line":48,"column":null}},"27":{"start":{"line":49,"column":4},"end":{"line":49,"column":null}},"28":{"start":{"line":52,"column":8},"end":{"line":55,"column":null}},"29":{"start":{"line":53,"column":21},"end":{"line":53,"column":null}},"30":{"start":{"line":54,"column":4},"end":{"line":54,"column":null}},"31":{"start":{"line":57,"column":8},"end":{"line":57,"column":null}},"32":{"start":{"line":59,"column":8},"end":{"line":69,"column":null}},"33":{"start":{"line":60,"column":4},"end":{"line":68,"column":null}},"34":{"start":{"line":61,"column":6},"end":{"line":61,"column":null}},"35":{"start":{"line":65,"column":6},"end":{"line":65,"column":null}},"36":{"start":{"line":66,"column":6},"end":{"line":66,"column":null}},"37":{"start":{"line":67,"column":6},"end":{"line":67,"column":null}},"38":{"start":{"line":71,"column":8},"end":{"line":77,"column":null}},"39":{"start":{"line":72,"column":20},"end":{"line":72,"column":null}},"40":{"start":{"line":73,"column":4},"end":{"line":73,"column":null}},"41":{"start":{"line":75,"column":23},"end":{"line":75,"column":null}},"42":{"start":{"line":76,"column":4},"end":{"line":76,"column":null}},"43":{"start":{"line":79,"column":8},"end":{"line":81,"column":null}},"44":{"start":{"line":80,"column":4},"end":{"line":80,"column":null}},"45":{"start":{"line":83,"column":8},"end":{"line":95,"column":null}},"46":{"start":{"line":84,"column":11},"end":{"line":93,"column":null}},"47":{"start":{"line":97,"column":2},"end":{"line":97,"column":null}},"48":{"start":{"line":100,"column":23},"end":{"line":106,"column":null}},"49":{"start":{"line":101,"column":8},"end":{"line":101,"column":null}},"50":{"start":{"line":102,"column":2},"end":{"line":104,"column":null}},"51":{"start":{"line":103,"column":4},"end":{"line":103,"column":null}},"52":{"start":{"line":105,"column":2},"end":{"line":105,"column":null}}},"fnMap":{"0":{"name":"(anonymous_0)","decl":{"start":{"line":9,"column":28},"end":{"line":9,"column":29}},"loc":{"start":{"line":9,"column":46},"end":{"line":98,"column":null}},"line":9},"1":{"name":"(anonymous_1)","decl":{"start":{"line":10,"column":35},"end":{"line":10,"column":41}},"loc":{"start":{"line":10,"column":41},"end":{"line":10,"column":63}},"line":10},"2":{"name":"(anonymous_2)","decl":{"start":{"line":13,"column":12},"end":{"line":13,"column":18}},"loc":{"start":{"line":13,"column":18},"end":{"line":39,"column":5}},"line":13},"3":{"name":"(anonymous_3)","decl":{"start":{"line":14,"column":23},"end":{"line":14,"column":35}},"loc":{"start":{"line":14,"column":35},"end":{"line":37,"column":null}},"line":14},"4":{"name":"(anonymous_4)","decl":{"start":{"line":41,"column":28},"end":{"line":41,"column":35}},"loc":{"start":{"line":41,"column":47},"end":{"line":50,"column":5}},"line":41},"5":{"name":"(anonymous_5)","decl":{"start":{"line":52,"column":31},"end":{"line":52,"column":38}},"loc":{"start":{"line":52,"column":50},"end":{"line":55,"column":5}},"line":52},"6":{"name":"(anonymous_6)","decl":{"start":{"line":59,"column":29},"end":{"line":59,"column":41}},"loc":{"start":{"line":59,"column":41},"end":{"line":69,"column":5}},"line":59},"7":{"name":"(anonymous_7)","decl":{"start":{"line":71,"column":37},"end":{"line":71,"column":49}},"loc":{"start":{"line":71,"column":49},"end":{"line":77,"column":5}},"line":71},"8":{"name":"(anonymous_8)","decl":{"start":{"line":79,"column":35},"end":{"line":79,"column":36}},"loc":{"start":{"line":79,"column":49},"end":{"line":81,"column":5}},"line":79},"9":{"name":"(anonymous_9)","decl":{"start":{"line":84,"column":4},"end":{"line":84,"column":11}},"loc":{"start":{"line":84,"column":11},"end":{"line":93,"column":null}},"line":84},"10":{"name":"(anonymous_10)","decl":{"start":{"line":100,"column":23},"end":{"line":100,"column":29}},"loc":{"start":{"line":100,"column":29},"end":{"line":106,"column":null}},"line":100}},"branchMap":{"0":{"loc":{"start":{"line":15,"column":6},"end":{"line":18,"column":null}},"type":"if","locations":[{"start":{"line":15,"column":6},"end":{"line":18,"column":null}},{"start":{},"end":{}}],"line":15},"1":{"loc":{"start":{"line":28,"column":8},"end":{"line":33,"column":null}},"type":"if","locations":[{"start":{"line":28,"column":8},"end":{"line":33,"column":null}},{"start":{"line":30,"column":15},"end":{"line":33,"column":null}}],"line":28},"2":{"loc":{"start":{"line":42,"column":12},"end":{"line":42,"column":32}},"type":"default-arg","locations":[{"start":{"line":42,"column":25},"end":{"line":42,"column":32}}],"line":42},"3":{"loc":{"start":{"line":102,"column":2},"end":{"line":104,"column":null}},"type":"if","locations":[{"start":{"line":102,"column":2},"end":{"line":104,"column":null}},{"start":{},"end":{}}],"line":102}},"s":{"0":1,"1":1,"2":10,"3":4,"4":10,"5":10,"6":4,"7":4,"8":2,"9":2,"10":2,"11":2,"12":2,"13":2,"14":2,"15":0,"16":0,"17":0,"18":0,"19":0,"20":2,"21":4,"22":10,"23":1,"24":1,"25":1,"26":1,"27":1,"28":10,"29":0,"30":0,"31":10,"32":10,"33":1,"34":1,"35":1,"36":1,"37":1,"38":10,"39":0,"40":0,"41":0,"42":0,"43":10,"44":0,"45":10,"46":10,"47":10,"48":1,"49":10,"50":10,"51":0,"52":10},"f":{"0":10,"1":4,"2":4,"3":4,"4":1,"5":0,"6":1,"7":0,"8":0,"9":10,"10":10},"b":{"0":[2,2],"1":[0,0],"2":[1],"3":[0,10]},"meta":{"lastBranch":4,"lastFunction":11,"lastStatement":53,"seen":{"s:7:6:7:Infinity":0,"s:9:28:98:Infinity":1,"f:9:28:9:29":0,"s:10:22:10:Infinity":2,"f:10:35:10:41":1,"s:10:41:10:63":3,"s:11:42:11:Infinity":4,"s:13:2:39:Infinity":5,"f:13:12:13:18":2,"s:14:23:37:Infinity":6,"f:14:23:14:35":3,"b:15:6:18:Infinity:undefined:undefined:undefined:undefined":0,"s:15:6:18:Infinity":7,"s:16:8:16:Infinity":8,"s:17:8:17:Infinity":9,"s:19:6:36:Infinity":10,"s:20:24:20:Infinity":11,"s:21:8:21:Infinity":12,"s:23:27:23:Infinity":13,"s:24:8:24:Infinity":14,"s:27:29:27:Infinity":15,"b:28:8:33:Infinity:30:15:33:Infinity":1,"s:28:8:33:Infinity":16,"s:29:10:29:Infinity":17,"s:31:10:31:Infinity":18,"s:32:10:32:Infinity":19,"s:35:8:35:Infinity":20,"s:38:4:38:Infinity":21,"s:41:8:50:Infinity":22,"f:41:28:41:35":4,"s:42:52:42:Infinity":23,"b:42:25:42:32":2,"s:44:21:44:Infinity":24,"s:47:4:47:Infinity":25,"s:48:4:48:Infinity":26,"s:49:4:49:Infinity":27,"s:52:8:55:Infinity":28,"f:52:31:52:38":5,"s:53:21:53:Infinity":29,"s:54:4:54:Infinity":30,"s:57:8:57:Infinity":31,"s:59:8:69:Infinity":32,"f:59:29:59:41":6,"s:60:4:68:Infinity":33,"s:61:6:61:Infinity":34,"s:65:6:65:Infinity":35,"s:66:6:66:Infinity":36,"s:67:6:67:Infinity":37,"s:71:8:77:Infinity":38,"f:71:37:71:49":7,"s:72:20:72:Infinity":39,"s:73:4:73:Infinity":40,"s:75:23:75:Infinity":41,"s:76:4:76:Infinity":42,"s:79:8:81:Infinity":43,"f:79:35:79:36":8,"s:80:4:80:Infinity":44,"s:83:8:95:Infinity":45,"f:84:4:84:11":9,"s:84:11:93:Infinity":46,"s:97:2:97:Infinity":47,"s:100:23:106:Infinity":48,"f:100:23:100:29":10,"s:101:8:101:Infinity":49,"b:102:2:104:Infinity:undefined:undefined:undefined:undefined":3,"s:102:2:104:Infinity":50,"s:103:4:103:Infinity":51,"s:105:2:105:Infinity":52}}}
,"C:\\Users\\ranad\\OneDrive\\Masaüstü\\smart-campus2-frontend\\src\\pages\\auth\\LoginPage.jsx": {"path":"C:\\Users\\ranad\\OneDrive\\Masaüstü\\smart-campus2-frontend\\src\\pages\\auth\\LoginPage.jsx","statementMap":{"0":{"start":{"line":24,"column":25},"end":{"line":371,"column":null}},"1":{"start":{"line":25,"column":16},"end":{"line":25,"column":null}},"2":{"start":{"line":26,"column":8},"end":{"line":26,"column":null}},"3":{"start":{"line":27,"column":38},"end":{"line":27,"column":null}},"4":{"start":{"line":29,"column":55},"end":{"line":36,"column":null}},"5":{"start":{"line":39,"column":19},"end":{"line":53,"column":null}},"6":{"start":{"line":40,"column":4},"end":{"line":52,"column":null}},"7":{"start":{"line":41,"column":6},"end":{"line":41,"column":null}},"8":{"start":{"line":42,"column":6},"end":{"line":46,"column":null}},"9":{"start":{"line":47,"column":6},"end":{"line":47,"column":null}},"10":{"start":{"line":49,"column":6},"end":{"line":49,"column":null}},"11":{"start":{"line":51,"column":6},"end":{"line":51,"column":null}},"12":{"start":{"line":55,"column":2},"end":{"line":369,"column":null}},"13":{"start":{"line":134,"column":18},"end":{"line":179,"column":null}},"14":{"start":{"line":187,"column":18},"end":{"line":232,"column":null}},"15":{"start":{"line":249,"column":20},"end":{"line":273,"column":null}}},"fnMap":{"0":{"name":"(anonymous_0)","decl":{"start":{"line":24,"column":25},"end":{"line":24,"column":31}},"loc":{"start":{"line":24,"column":31},"end":{"line":371,"column":null}},"line":24},"1":{"name":"(anonymous_1)","decl":{"start":{"line":39,"column":19},"end":{"line":39,"column":26}},"loc":{"start":{"line":39,"column":37},"end":{"line":53,"column":null}},"line":39},"2":{"name":"(anonymous_2)","decl":{"start":{"line":133,"column":24},"end":{"line":133,"column":25}},"loc":{"start":{"line":134,"column":18},"end":{"line":179,"column":null}},"line":134},"3":{"name":"(anonymous_3)","decl":{"start":{"line":186,"column":24},"end":{"line":186,"column":25}},"loc":{"start":{"line":187,"column":18},"end":{"line":232,"column":null}},"line":187},"4":{"name":"(anonymous_4)","decl":{"start":{"line":248,"column":26},"end":{"line":248,"column":27}},"loc":{"start":{"line":249,"column":20},"end":{"line":273,"column":null}},"line":249}},"branchMap":{"0":{"loc":{"start":{"line":45,"column":20},"end":{"line":45,"column":null}},"type":"binary-expr","locations":[{"start":{"line":45,"column":20},"end":{"line":45,"column":41}},{"start":{"line":45,"column":41},"end":{"line":45,"column":null}}],"line":45},"1":{"loc":{"start":{"line":325,"column":17},"end":{"line":325,"column":null}},"type":"cond-expr","locations":[{"start":{"line":325,"column":32},"end":{"line":325,"column":55}},{"start":{"line":325,"column":55},"end":{"line":325,"column":null}}],"line":325}},"s":{"0":1,"1":6,"2":6,"3":6,"4":6,"5":6,"6":1,"7":1,"8":1,"9":1,"10":0,"11":1,"12":6,"13":9,"14":9,"15":8},"f":{"0":6,"1":1,"2":9,"3":9,"4":8},"b":{"0":[1,1],"1":[0,6]},"meta":{"lastBranch":2,"lastFunction":5,"lastStatement":16,"seen":{"s:24:25:371:Infinity":0,"f:24:25:24:31":0,"s:25:16:25:Infinity":1,"s:26:8:26:Infinity":2,"s:27:38:27:Infinity":3,"s:29:55:36:Infinity":4,"s:39:19:53:Infinity":5,"f:39:19:39:26":1,"s:40:4:52:Infinity":6,"s:41:6:41:Infinity":7,"s:42:6:46:Infinity":8,"b:45:20:45:41:45:41:45:Infinity":0,"s:47:6:47:Infinity":9,"s:49:6:49:Infinity":10,"s:51:6:51:Infinity":11,"s:55:2:369:Infinity":12,"f:133:24:133:25":2,"s:134:18:179:Infinity":13,"f:186:24:186:25":3,"s:187:18:232:Infinity":14,"f:248:26:248:27":4,"s:249:20:273:Infinity":15,"b:325:32:325:55:325:55:325:Infinity":1}}}
,"C:\\Users\\ranad\\OneDrive\\Masaüstü\\smart-campus2-frontend\\src\\pages\\auth\\RegisterPage.jsx": {"path":"C:\\Users\\ranad\\OneDrive\\Masaüstü\\smart-campus2-frontend\\src\\pages\\auth\\RegisterPage.jsx","statementMap":{"0":{"start":{"line":30,"column":28},"end":{"line":510,"column":null}},"1":{"start":{"line":31,"column":8},"end":{"line":31,"column":null}},"2":{"start":{"line":32,"column":33},"end":{"line":32,"column":null}},"3":{"start":{"line":33,"column":8},"end":{"line":33,"column":null}},"4":{"start":{"line":34,"column":38},"end":{"line":34,"column":null}},"5":{"start":{"line":36,"column":62},"end":{"line":48,"column":null}},"6":{"start":{"line":50,"column":15},"end":{"line":50,"column":null}},"7":{"start":{"line":52,"column":19},"end":{"line":63,"column":null}},"8":{"start":{"line":53,"column":4},"end":{"line":62,"column":null}},"9":{"start":{"line":54,"column":6},"end":{"line":54,"column":null}},"10":{"start":{"line":55,"column":30},"end":{"line":55,"column":null}},"11":{"start":{"line":56,"column":6},"end":{"line":56,"column":null}},"12":{"start":{"line":57,"column":6},"end":{"line":57,"column":null}},"13":{"start":{"line":59,"column":6},"end":{"line":59,"column":null}},"14":{"start":{"line":61,"column":6},"end":{"line":61,"column":null}},"15":{"start":{"line":65,"column":32},"end":{"line":102,"column":null}},"16":{"start":{"line":104,"column":29},"end":{"line":145,"column":null}},"17":{"start":{"line":147,"column":2},"end":{"line":508,"column":null}},"18":{"start":{"line":226,"column":20},"end":{"line":233,"column":null}},"19":{"start":{"line":240,"column":20},"end":{"line":248,"column":null}},"20":{"start":{"line":256,"column":22},"end":{"line":264,"column":null}},"21":{"start":{"line":271,"column":22},"end":{"line":279,"column":null}},"22":{"start":{"line":292,"column":24},"end":{"line":323,"column":null}},"23":{"start":{"line":338,"column":24},"end":{"line":372,"column":null}},"24":{"start":{"line":368,"column":28},"end":{"line":370,"column":null}},"25":{"start":{"line":385,"column":22},"end":{"line":392,"column":null}},"26":{"start":{"line":402,"column":18},"end":{"line":430,"column":null}}},"fnMap":{"0":{"name":"(anonymous_0)","decl":{"start":{"line":30,"column":28},"end":{"line":30,"column":34}},"loc":{"start":{"line":30,"column":34},"end":{"line":510,"column":null}},"line":30},"1":{"name":"(anonymous_1)","decl":{"start":{"line":52,"column":19},"end":{"line":52,"column":26}},"loc":{"start":{"line":52,"column":37},"end":{"line":63,"column":null}},"line":52},"2":{"name":"(anonymous_2)","decl":{"start":{"line":225,"column":26},"end":{"line":225,"column":27}},"loc":{"start":{"line":226,"column":20},"end":{"line":233,"column":null}},"line":226},"3":{"name":"(anonymous_3)","decl":{"start":{"line":239,"column":26},"end":{"line":239,"column":27}},"loc":{"start":{"line":240,"column":20},"end":{"line":248,"column":null}},"line":240},"4":{"name":"(anonymous_4)","decl":{"start":{"line":255,"column":28},"end":{"line":255,"column":29}},"loc":{"start":{"line":256,"column":22},"end":{"line":264,"column":null}},"line":256},"5":{"name":"(anonymous_5)","decl":{"start":{"line":270,"column":28},"end":{"line":270,"column":29}},"loc":{"start":{"line":271,"column":22},"end":{"line":279,"column":null}},"line":271},"6":{"name":"(anonymous_6)","decl":{"start":{"line":291,"column":30},"end":{"line":291,"column":31}},"loc":{"start":{"line":292,"column":24},"end":{"line":323,"column":null}},"line":292},"7":{"name":"(anonymous_7)","decl":{"start":{"line":337,"column":30},"end":{"line":337,"column":31}},"loc":{"start":{"line":338,"column":24},"end":{"line":372,"column":null}},"line":338},"8":{"name":"(anonymous_8)","decl":{"start":{"line":367,"column":49},"end":{"line":367,"column":50}},"loc":{"start":{"line":368,"column":28},"end":{"line":370,"column":null}},"line":368},"9":{"name":"(anonymous_9)","decl":{"start":{"line":384,"column":28},"end":{"line":384,"column":29}},"loc":{"start":{"line":385,"column":22},"end":{"line":392,"column":null}},"line":385},"10":{"name":"(anonymous_10)","decl":{"start":{"line":401,"column":24},"end":{"line":401,"column":25}},"loc":{"start":{"line":402,"column":18},"end":{"line":430,"column":null}},"line":402}},"branchMap":{"0":{"loc":{"start":{"line":56,"column":20},"end":{"line":56,"column":86}},"type":"binary-expr","locations":[{"start":{"line":56,"column":20},"end":{"line":56,"column":39}},{"start":{"line":56,"column":39},"end":{"line":56,"column":86}}],"line":56},"1":{"loc":{"start":{"line":380,"column":17},"end":{"line":394,"column":null}},"type":"binary-expr","locations":[{"start":{"line":380,"column":17},"end":{"line":380,"column":null}},{"start":{"line":381,"column":18},"end":{"line":394,"column":null}}],"line":380},"2":{"loc":{"start":{"line":464,"column":17},"end":{"line":464,"column":null}},"type":"cond-expr","locations":[{"start":{"line":464,"column":32},"end":{"line":464,"column":55}},{"start":{"line":464,"column":55},"end":{"line":464,"column":null}}],"line":464}},"s":{"0":1,"1":6,"2":6,"3":6,"4":6,"5":6,"6":6,"7":6,"8":1,"9":1,"10":1,"11":1,"12":1,"13":0,"14":1,"15":6,"16":6,"17":6,"18":9,"19":9,"20":9,"21":9,"22":8,"23":9,"24":45,"25":9,"26":9},"f":{"0":6,"1":1,"2":9,"3":9,"4":9,"5":9,"6":8,"7":9,"8":45,"9":9,"10":9},"b":{"0":[1,0],"1":[6,6],"2":[0,6]},"meta":{"lastBranch":3,"lastFunction":11,"lastStatement":27,"seen":{"s:30:28:510:Infinity":0,"f:30:28:30:34":0,"s:31:8:31:Infinity":1,"s:32:33:32:Infinity":2,"s:33:8:33:Infinity":3,"s:34:38:34:Infinity":4,"s:36:62:48:Infinity":5,"s:50:15:50:Infinity":6,"s:52:19:63:Infinity":7,"f:52:19:52:26":1,"s:53:4:62:Infinity":8,"s:54:6:54:Infinity":9,"s:55:30:55:Infinity":10,"s:56:6:56:Infinity":11,"b:56:20:56:39:56:39:56:86":0,"s:57:6:57:Infinity":12,"s:59:6:59:Infinity":13,"s:61:6:61:Infinity":14,"s:65:32:102:Infinity":15,"s:104:29:145:Infinity":16,"s:147:2:508:Infinity":17,"f:225:26:225:27":2,"s:226:20:233:Infinity":18,"f:239:26:239:27":3,"s:240:20:248:Infinity":19,"f:255:28:255:29":4,"s:256:22:264:Infinity":20,"f:270:28:270:29":5,"s:271:22:279:Infinity":21,"f:291:30:291:31":6,"s:292:24:323:Infinity":22,"f:337:30:337:31":7,"s:338:24:372:Infinity":23,"f:367:49:367:50":8,"s:368:28:370:Infinity":24,"b:380:17:380:Infinity:381:18:394:Infinity":1,"f:384:28:384:29":9,"s:385:22:392:Infinity":25,"f:401:24:401:25":10,"s:402:18:430:Infinity":26,"b:464:32:464:55:464:55:464:Infinity":2}}}
,"C:\\Users\\ranad\\OneDrive\\Masaüstü\\smart-campus2-frontend\\src\\services\\apiClient.js": {"path":"C:\\Users\\ranad\\OneDrive\\Masaüstü\\smart-campus2-frontend\\src\\services\\apiClient.js","statementMap":{"0":{"start":{"line":4,"column":18},"end":{"line":7,"column":2}},"1":{"start":{"line":8,"column":21},"end":{"line":8,"column":25}},"2":{"start":{"line":9,"column":27},"end":{"line":19,"column":1}},"3":{"start":{"line":10,"column":25},"end":{"line":10,"column":55}},"4":{"start":{"line":11,"column":4},"end":{"line":12,"column":20}},"5":{"start":{"line":12,"column":8},"end":{"line":12,"column":20}},"6":{"start":{"line":13,"column":21},"end":{"line":15,"column":6}},"7":{"start":{"line":16,"column":27},"end":{"line":16,"column":60}},"8":{"start":{"line":17,"column":4},"end":{"line":17,"column":92}},"9":{"start":{"line":18,"column":4},"end":{"line":18,"column":28}},"10":{"start":{"line":20,"column":34},"end":{"line":28,"column":1}},"11":{"start":{"line":21,"column":18},"end":{"line":21,"column":47}},"12":{"start":{"line":22,"column":4},"end":{"line":26,"column":5}},"13":{"start":{"line":23,"column":8},"end":{"line":23,"column":57}},"14":{"start":{"line":24,"column":11},"end":{"line":26,"column":5}},"15":{"start":{"line":25,"column":8},"end":{"line":25,"column":75}},"16":{"start":{"line":27,"column":4},"end":{"line":27,"column":18}},"17":{"start":{"line":29,"column":0},"end":{"line":29,"column":62}},"18":{"start":{"line":30,"column":0},"end":{"line":76,"column":3}},"19":{"start":{"line":30,"column":50},"end":{"line":30,"column":58}},"20":{"start":{"line":31,"column":19},"end":{"line":31,"column":41}},"21":{"start":{"line":32,"column":28},"end":{"line":32,"column":40}},"22":{"start":{"line":35,"column":4},"end":{"line":51,"column":5}},"23":{"start":{"line":36,"column":8},"end":{"line":40,"column":9}},"24":{"start":{"line":37,"column":12},"end":{"line":39,"column":15}},"25":{"start":{"line":38,"column":16},"end":{"line":38,"column":38}},"26":{"start":{"line":41,"column":31},"end":{"line":41,"column":51}},"27":{"start":{"line":42,"column":8},"end":{"line":49,"column":9}},"28":{"start":{"line":43,"column":12},"end":{"line":47,"column":14}},"29":{"start":{"line":48,"column":12},"end":{"line":48,"column":46}},"30":{"start":{"line":50,"column":8},"end":{"line":50,"column":29}},"31":{"start":{"line":54,"column":4},"end":{"line":63,"column":5}},"32":{"start":{"line":55,"column":21},"end":{"line":55,"column":43}},"33":{"start":{"line":56,"column":8},"end":{"line":62,"column":11}},"34":{"start":{"line":66,"column":4},"end":{"line":73,"column":5}},"35":{"start":{"line":67,"column":8},"end":{"line":72,"column":11}},"36":{"start":{"line":75,"column":4},"end":{"line":75,"column":33}}},"fnMap":{"0":{"name":"(anonymous_0)","decl":{"start":{"line":9,"column":27},"end":{"line":9,"column":32}},"loc":{"start":{"line":9,"column":39},"end":{"line":19,"column":1}},"line":9},"1":{"name":"(anonymous_1)","decl":{"start":{"line":20,"column":34},"end":{"line":20,"column":35}},"loc":{"start":{"line":20,"column":46},"end":{"line":28,"column":1}},"line":20},"2":{"name":"(anonymous_2)","decl":{"start":{"line":30,"column":36},"end":{"line":30,"column":37}},"loc":{"start":{"line":30,"column":50},"end":{"line":30,"column":58}},"line":30},"3":{"name":"(anonymous_3)","decl":{"start":{"line":30,"column":60},"end":{"line":30,"column":65}},"loc":{"start":{"line":30,"column":77},"end":{"line":76,"column":1}},"line":30},"4":{"name":"(anonymous_4)","decl":{"start":{"line":37,"column":58},"end":{"line":37,"column":59}},"loc":{"start":{"line":37,"column":64},"end":{"line":39,"column":13}},"line":37}},"branchMap":{"0":{"loc":{"start":{"line":11,"column":4},"end":{"line":12,"column":20}},"type":"if","locations":[{"start":{"line":11,"column":4},"end":{"line":12,"column":20}},{"start":{},"end":{}}],"line":11},"1":{"loc":{"start":{"line":16,"column":27},"end":{"line":16,"column":60}},"type":"binary-expr","locations":[{"start":{"line":16,"column":27},"end":{"line":16,"column":44}},{"start":{"line":16,"column":48},"end":{"line":16,"column":60}}],"line":16},"2":{"loc":{"start":{"line":22,"column":4},"end":{"line":26,"column":5}},"type":"if","locations":[{"start":{"line":22,"column":4},"end":{"line":26,"column":5}},{"start":{"line":24,"column":11},"end":{"line":26,"column":5}}],"line":22},"3":{"loc":{"start":{"line":22,"column":8},"end":{"line":22,"column":31}},"type":"binary-expr","locations":[{"start":{"line":22,"column":8},"end":{"line":22,"column":13}},{"start":{"line":22,"column":17},"end":{"line":22,"column":31}}],"line":22},"4":{"loc":{"start":{"line":24,"column":11},"end":{"line":26,"column":5}},"type":"if","locations":[{"start":{"line":24,"column":11},"end":{"line":26,"column":5}},{"start":{},"end":{}}],"line":24},"5":{"loc":{"start":{"line":35,"column":4},"end":{"line":51,"column":5}},"type":"if","locations":[{"start":{"line":35,"column":4},"end":{"line":51,"column":5}},{"start":{},"end":{}}],"line":35},"6":{"loc":{"start":{"line":35,"column":8},"end":{"line":35,"column":82}},"type":"binary-expr","locations":[{"start":{"line":35,"column":8},"end":{"line":35,"column":22}},{"start":{"line":35,"column":26},"end":{"line":35,"column":41}},{"start":{"line":35,"column":45},"end":{"line":35,"column":82}}],"line":35},"7":{"loc":{"start":{"line":36,"column":8},"end":{"line":40,"column":9}},"type":"if","locations":[{"start":{"line":36,"column":8},"end":{"line":40,"column":9}},{"start":{},"end":{}}],"line":36},"8":{"loc":{"start":{"line":42,"column":8},"end":{"line":49,"column":9}},"type":"if","locations":[{"start":{"line":42,"column":8},"end":{"line":49,"column":9}},{"start":{},"end":{}}],"line":42},"9":{"loc":{"start":{"line":54,"column":4},"end":{"line":63,"column":5}},"type":"if","locations":[{"start":{"line":54,"column":4},"end":{"line":63,"column":5}},{"start":{},"end":{}}],"line":54},"10":{"loc":{"start":{"line":66,"column":4},"end":{"line":73,"column":5}},"type":"if","locations":[{"start":{"line":66,"column":4},"end":{"line":73,"column":5}},{"start":{},"end":{}}],"line":66},"11":{"loc":{"start":{"line":66,"column":8},"end":{"line":66,"column":40}},"type":"binary-expr","locations":[{"start":{"line":66,"column":8},"end":{"line":66,"column":23}},{"start":{"line":66,"column":27},"end":{"line":66,"column":40}}],"line":66}},"s":{"0":1,"1":1,"2":1,"3":0,"4":0,"5":0,"6":0,"7":0,"8":0,"9":0,"10":1,"11":0,"12":0,"13":0,"14":0,"15":0,"16":0,"17":1,"18":1,"19":0,"20":0,"21":0,"22":0,"23":0,"24":0,"25":0,"26":0,"27":0,"28":0,"29":0,"30":0,"31":0,"32":0,"33":0,"34":0,"35":0,"36":0},"f":{"0":0,"1":0,"2":0,"3":0,"4":0},"b":{"0":[0,0],"1":[0,0],"2":[0,0],"3":[0,0],"4":[0,0],"5":[0,0],"6":[0,0,0],"7":[0,0],"8":[0,0],"9":[0,0],"10":[0,0],"11":[0,0]},"meta":{"lastBranch":12,"lastFunction":5,"lastStatement":37,"seen":{"s:4:18:7:2":0,"s:8:21:8:25":1,"s:9:27:19:1":2,"f:9:27:9:32":0,"s:10:25:10:55":3,"b:11:4:12:20:undefined:undefined:undefined:undefined":0,"s:11:4:12:20":4,"s:12:8:12:20":5,"s:13:21:15:6":6,"s:16:27:16:60":7,"b:16:27:16:44:16:48:16:60":1,"s:17:4:17:92":8,"s:18:4:18:28":9,"s:20:34:28:1":10,"f:20:34:20:35":1,"s:21:18:21:47":11,"b:22:4:26:5:24:11:26:5":2,"s:22:4:26:5":12,"b:22:8:22:13:22:17:22:31":3,"s:23:8:23:57":13,"b:24:11:26:5:undefined:undefined:undefined:undefined":4,"s:24:11:26:5":14,"s:25:8:25:75":15,"s:27:4:27:18":16,"s:29:0:29:62":17,"s:30:0:76:3":18,"f:30:36:30:37":2,"s:30:50:30:58":19,"f:30:60:30:65":3,"s:31:19:31:41":20,"s:32:28:32:40":21,"b:35:4:51:5:undefined:undefined:undefined:undefined":5,"s:35:4:51:5":22,"b:35:8:35:22:35:26:35:41:35:45:35:82":6,"b:36:8:40:9:undefined:undefined:undefined:undefined":7,"s:36:8:40:9":23,"s:37:12:39:15":24,"f:37:58:37:59":4,"s:38:16:38:38":25,"s:41:31:41:51":26,"b:42:8:49:9:undefined:undefined:undefined:undefined":8,"s:42:8:49:9":27,"s:43:12:47:14":28,"s:48:12:48:46":29,"s:50:8:50:29":30,"b:54:4:63:5:undefined:undefined:undefined:undefined":9,"s:54:4:63:5":31,"s:55:21:55:43":32,"s:56:8:62:11":33,"b:66:4:73:5:undefined:undefined:undefined:undefined":10,"s:66:4:73:5":34,"b:66:8:66:23:66:27:66:40":11,"s:67:8:72:11":35,"s:75:4:75:33":36}}}
,"C:\\Users\\ranad\\OneDrive\\Masaüstü\\smart-campus2-frontend\\src\\tests\\testUtils.js": {"path":"C:\\Users\\ranad\\OneDrive\\Masaüstü\\smart-campus2-frontend\\src\\tests\\testUtils.js","statementMap":{"0":{"start":{"line":5,"column":32},"end":{"line":7,"column":1}},"1":{"start":{"line":6,"column":4},"end":{"line":6,"column":56}}},"fnMap":{"0":{"name":"(anonymous_0)","decl":{"start":{"line":5,"column":32},"end":{"line":5,"column":33}},"loc":{"start":{"line":5,"column":40},"end":{"line":7,"column":1}},"line":5}},"branchMap":{},"s":{"0":2,"1":4},"f":{"0":4},"b":{},"meta":{"lastBranch":0,"lastFunction":1,"lastStatement":2,"seen":{"s:5:32:7:1":0,"f:5:32:5:33":0,"s:6:4:6:56":1}}}
,"C:\\Users\\ranad\\OneDrive\\Masaüstü\\smart-campus2-frontend\\src\\utils\\apiError.js": {"path":"C:\\Users\\ranad\\OneDrive\\Masaüstü\\smart-campus2-frontend\\src\\utils\\apiError.js","statementMap":{"0":{"start":{"line":2,"column":34},"end":{"line":13,"column":1}},"1":{"start":{"line":3,"column":4},"end":{"line":8,"column":5}},"2":{"start":{"line":4,"column":24},"end":{"line":6,"column":54}},"3":{"start":{"line":7,"column":8},"end":{"line":7,"column":35}},"4":{"start":{"line":9,"column":4},"end":{"line":11,"column":5}},"5":{"start":{"line":10,"column":8},"end":{"line":10,"column":29}},"6":{"start":{"line":12,"column":4},"end":{"line":12,"column":20}}},"fnMap":{"0":{"name":"(anonymous_0)","decl":{"start":{"line":2,"column":34},"end":{"line":2,"column":35}},"loc":{"start":{"line":2,"column":87},"end":{"line":13,"column":1}},"line":2}},"branchMap":{"0":{"loc":{"start":{"line":2,"column":42},"end":{"line":2,"column":82}},"type":"default-arg","locations":[{"start":{"line":2,"column":53},"end":{"line":2,"column":82}}],"line":2},"1":{"loc":{"start":{"line":3,"column":4},"end":{"line":8,"column":5}},"type":"if","locations":[{"start":{"line":3,"column":4},"end":{"line":8,"column":5}},{"start":{},"end":{}}],"line":3},"2":{"loc":{"start":{"line":4,"column":24},"end":{"line":6,"column":54}},"type":"binary-expr","locations":[{"start":{"line":4,"column":24},"end":{"line":4,"column":53}},{"start":{"line":5,"column":12},"end":{"line":5,"column":39}},{"start":{"line":6,"column":12},"end":{"line":6,"column":54}}],"line":4},"3":{"loc":{"start":{"line":7,"column":15},"end":{"line":7,"column":34}},"type":"binary-expr","locations":[{"start":{"line":7,"column":15},"end":{"line":7,"column":22}},{"start":{"line":7,"column":26},"end":{"line":7,"column":34}}],"line":7},"4":{"loc":{"start":{"line":9,"column":4},"end":{"line":11,"column":5}},"type":"if","locations":[{"start":{"line":9,"column":4},"end":{"line":11,"column":5}},{"start":{},"end":{}}],"line":9}},"s":{"0":2,"1":0,"2":0,"3":0,"4":0,"5":0,"6":0},"f":{"0":0},"b":{"0":[0],"1":[0,0],"2":[0,0,0],"3":[0,0],"4":[0,0]},"meta":{"lastBranch":5,"lastFunction":1,"lastStatement":7,"seen":{"s:2:34:13:1":0,"f:2:34:2:35":0,"b:2:53:2:82":0,"b:3:4:8:5:undefined:undefined:undefined:undefined":1,"s:3:4:8:5":1,"s:4:24:6:54":2,"b:4:24:4:53:5:12:5:39:6:12:6:54":2,"s:7:8:7:35":3,"b:7:15:7:22:7:26:7:34":3,"b:9:4:11:5:undefined:undefined:undefined:undefined":4,"s:9:4:11:5":4,"s:10:8:10:29":5,"s:12:4:12:20":6}}}
,"C:\\Users\\ranad\\OneDrive\\Masaüstü\\smart-campus2-frontend\\src\\utils\\validationSchemas.js": {"path":"C:\\Users\\ranad\\OneDrive\\Masaüstü\\smart-campus2-frontend\\src\\utils\\validationSchemas.js","statementMap":{"0":{"start":{"line":2,"column":23},"end":{"line":7,"column":33}},"1":{"start":{"line":8,"column":27},"end":{"line":12,"column":2}},"2":{"start":{"line":13,"column":30},"end":{"line":32,"column":2}},"3":{"start":{"line":24,"column":26},"end":{"line":24,"column":72}},"4":{"start":{"line":25,"column":31},"end":{"line":25,"column":48}},"5":{"start":{"line":33,"column":36},"end":{"line":35,"column":2}},"6":{"start":{"line":36,"column":35},"end":{"line":42,"column":2}},"7":{"start":{"line":43,"column":29},"end":{"line":47,"column":2}},"8":{"start":{"line":48,"column":36},"end":{"line":55,"column":2}}},"fnMap":{"0":{"name":"(anonymous_0)","decl":{"start":{"line":24,"column":14},"end":{"line":24,"column":15}},"loc":{"start":{"line":24,"column":26},"end":{"line":24,"column":72}},"line":24},"1":{"name":"(anonymous_1)","decl":{"start":{"line":25,"column":19},"end":{"line":25,"column":20}},"loc":{"start":{"line":25,"column":31},"end":{"line":25,"column":48}},"line":25}},"branchMap":{},"s":{"0":2,"1":2,"2":2,"3":4,"4":0,"5":2,"6":2,"7":2,"8":2},"f":{"0":4,"1":0},"b":{},"meta":{"lastBranch":0,"lastFunction":2,"lastStatement":9,"seen":{"s:2:23:7:33":0,"s:8:27:12:2":1,"s:13:30:32:2":2,"f:24:14:24:15":0,"s:24:26:24:72":3,"f:25:19:25:20":1,"s:25:31:25:48":4,"s:33:36:35:2":5,"s:36:35:42:2":6,"s:43:29:47:2":7,"s:48:36:55:2":8}}}
}
