{"C:\\Users\\ranad\\OneDrive\\Masaüstü\\smart-campus-frontend\\src\\config\\appConfig.js": {"path":"C:\\Users\\ranad\\OneDrive\\Masaüstü\\smart-campus-frontend\\src\\config\\appConfig.js","statementMap":{"0":{"start":{"line":1,"column":26},"end":{"line":5,"column":1}},"1":{"start":{"line":6,"column":25},"end":{"line":21,"column":1}}},"fnMap":{},"branchMap":{"0":{"loc":{"start":{"line":2,"column":16},"end":{"line":2,"column":83}},"type":"binary-expr","locations":[{"start":{"line":2,"column":16},"end":{"line":2,"column":49}},{"start":{"line":2,"column":53},"end":{"line":2,"column":83}}],"line":2},"1":{"loc":{"start":{"line":3,"column":13},"end":{"line":3,"column":59}},"type":"binary-expr","locations":[{"start":{"line":3,"column":13},"end":{"line":3,"column":42}},{"start":{"line":3,"column":46},"end":{"line":3,"column":59}}],"line":3},"2":{"loc":{"start":{"line":4,"column":21},"end":{"line":4,"column":81}},"type":"binary-expr","locations":[{"start":{"line":4,"column":21},"end":{"line":4,"column":59}},{"start":{"line":4,"column":63},"end":{"line":4,"column":81}}],"line":4}},"s":{"0":2,"1":2},"f":{},"b":{"0":[2,2],"1":[2,0],"2":[2,0]},"meta":{"lastBranch":3,"lastFunction":0,"lastStatement":2,"seen":{"s:1:26:5:1":0,"b:2:16:2:49:2:53:2:83":0,"b:3:13:3:42:3:46:3:59":1,"b:4:21:4:59:4:63:4:81":2,"s:6:25:21:1":1}}}
,"C:\\Users\\ranad\\OneDrive\\Masaüstü\\smart-campus-frontend\\src\\pages\\auth\\LoginPage.jsx": {"path":"C:\\Users\\ranad\\OneDrive\\Masaüstü\\smart-campus-frontend\\src\\pages\\auth\\LoginPage.jsx","statementMap":{"0":{"start":{"line":25,"column":25},"end":{"line":355,"column":null}},"1":{"start":{"line":26,"column":16},"end":{"line":26,"column":null}},"2":{"start":{"line":27,"column":8},"end":{"line":27,"column":null}},"3":{"start":{"line":28,"column":38},"end":{"line":28,"column":null}},"4":{"start":{"line":30,"column":55},"end":{"line":37,"column":null}},"5":{"start":{"line":39,"column":19},"end":{"line":53,"column":null}},"6":{"start":{"line":40,"column":4},"end":{"line":52,"column":null}},"7":{"start":{"line":41,"column":6},"end":{"line":41,"column":null}},"8":{"start":{"line":42,"column":6},"end":{"line":46,"column":null}},"9":{"start":{"line":47,"column":6},"end":{"line":47,"column":null}},"10":{"start":{"line":49,"column":6},"end":{"line":49,"column":null}},"11":{"start":{"line":51,"column":6},"end":{"line":51,"column":null}},"12":{"start":{"line":55,"column":2},"end":{"line":353,"column":null}},"13":{"start":{"line":125,"column":18},"end":{"line":167,"column":null}},"14":{"start":{"line":175,"column":18},"end":{"line":217,"column":null}},"15":{"start":{"line":234,"column":20},"end":{"line":258,"column":null}}},"fnMap":{"0":{"name":"(anonymous_0)","decl":{"start":{"line":25,"column":25},"end":{"line":25,"column":31}},"loc":{"start":{"line":25,"column":31},"end":{"line":355,"column":null}},"line":25},"1":{"name":"(anonymous_1)","decl":{"start":{"line":39,"column":19},"end":{"line":39,"column":26}},"loc":{"start":{"line":39,"column":37},"end":{"line":53,"column":null}},"line":39},"2":{"name":"(anonymous_2)","decl":{"start":{"line":124,"column":24},"end":{"line":124,"column":25}},"loc":{"start":{"line":125,"column":18},"end":{"line":167,"column":null}},"line":125},"3":{"name":"(anonymous_3)","decl":{"start":{"line":174,"column":24},"end":{"line":174,"column":25}},"loc":{"start":{"line":175,"column":18},"end":{"line":217,"column":null}},"line":175},"4":{"name":"(anonymous_4)","decl":{"start":{"line":233,"column":26},"end":{"line":233,"column":27}},"loc":{"start":{"line":234,"column":20},"end":{"line":258,"column":null}},"line":234}},"branchMap":{"0":{"loc":{"start":{"line":45,"column":20},"end":{"line":45,"column":null}},"type":"binary-expr","locations":[{"start":{"line":45,"column":20},"end":{"line":45,"column":41}},{"start":{"line":45,"column":41},"end":{"line":45,"column":null}}],"line":45},"1":{"loc":{"start":{"line":309,"column":17},"end":{"line":309,"column":null}},"type":"cond-expr","locations":[{"start":{"line":309,"column":32},"end":{"line":309,"column":55}},{"start":{"line":309,"column":55},"end":{"line":309,"column":null}}],"line":309}},"s":{"0":1,"1":6,"2":6,"3":6,"4":6,"5":6,"6":1,"7":1,"8":1,"9":1,"10":0,"11":1,"12":6,"13":9,"14":9,"15":8},"f":{"0":6,"1":1,"2":9,"3":9,"4":8},"b":{"0":[1,1],"1":[0,6]},"meta":{"lastBranch":2,"lastFunction":5,"lastStatement":16,"seen":{"s:25:25:355:Infinity":0,"f:25:25:25:31":0,"s:26:16:26:Infinity":1,"s:27:8:27:Infinity":2,"s:28:38:28:Infinity":3,"s:30:55:37:Infinity":4,"s:39:19:53:Infinity":5,"f:39:19:39:26":1,"s:40:4:52:Infinity":6,"s:41:6:41:Infinity":7,"s:42:6:46:Infinity":8,"b:45:20:45:41:45:41:45:Infinity":0,"s:47:6:47:Infinity":9,"s:49:6:49:Infinity":10,"s:51:6:51:Infinity":11,"s:55:2:353:Infinity":12,"f:124:24:124:25":2,"s:125:18:167:Infinity":13,"f:174:24:174:25":3,"s:175:18:217:Infinity":14,"f:233:26:233:27":4,"s:234:20:258:Infinity":15,"b:309:32:309:55:309:55:309:Infinity":1}}}
,"C:\\Users\\ranad\\OneDrive\\Masaüstü\\smart-campus-frontend\\src\\pages\\auth\\RegisterPage.jsx": {"path":"C:\\Users\\ranad\\OneDrive\\Masaüstü\\smart-campus-frontend\\src\\pages\\auth\\RegisterPage.jsx","statementMap":{"0":{"start":{"line":30,"column":26},"end":{"line":36,"column":null}},"1":{"start":{"line":38,"column":28},"end":{"line":500,"column":null}},"2":{"start":{"line":39,"column":8},"end":{"line":39,"column":null}},"3":{"start":{"line":40,"column":33},"end":{"line":40,"column":null}},"4":{"start":{"line":41,"column":8},"end":{"line":41,"column":null}},"5":{"start":{"line":42,"column":38},"end":{"line":42,"column":null}},"6":{"start":{"line":44,"column":62},"end":{"line":56,"column":null}},"7":{"start":{"line":58,"column":15},"end":{"line":58,"column":null}},"8":{"start":{"line":60,"column":19},"end":{"line":71,"column":null}},"9":{"start":{"line":61,"column":4},"end":{"line":70,"column":null}},"10":{"start":{"line":62,"column":6},"end":{"line":62,"column":null}},"11":{"start":{"line":63,"column":30},"end":{"line":63,"column":null}},"12":{"start":{"line":64,"column":6},"end":{"line":64,"column":null}},"13":{"start":{"line":65,"column":6},"end":{"line":65,"column":null}},"14":{"start":{"line":67,"column":6},"end":{"line":67,"column":null}},"15":{"start":{"line":69,"column":6},"end":{"line":69,"column":null}},"16":{"start":{"line":73,"column":32},"end":{"line":107,"column":null}},"17":{"start":{"line":109,"column":29},"end":{"line":148,"column":null}},"18":{"start":{"line":150,"column":2},"end":{"line":498,"column":null}},"19":{"start":{"line":221,"column":20},"end":{"line":228,"column":null}},"20":{"start":{"line":235,"column":20},"end":{"line":243,"column":null}},"21":{"start":{"line":251,"column":22},"end":{"line":259,"column":null}},"22":{"start":{"line":266,"column":22},"end":{"line":274,"column":null}},"23":{"start":{"line":287,"column":24},"end":{"line":316,"column":null}},"24":{"start":{"line":331,"column":24},"end":{"line":363,"column":null}},"25":{"start":{"line":359,"column":28},"end":{"line":361,"column":null}},"26":{"start":{"line":376,"column":22},"end":{"line":383,"column":null}},"27":{"start":{"line":393,"column":18},"end":{"line":421,"column":null}}},"fnMap":{"0":{"name":"(anonymous_0)","decl":{"start":{"line":38,"column":28},"end":{"line":38,"column":34}},"loc":{"start":{"line":38,"column":34},"end":{"line":500,"column":null}},"line":38},"1":{"name":"(anonymous_1)","decl":{"start":{"line":60,"column":19},"end":{"line":60,"column":26}},"loc":{"start":{"line":60,"column":37},"end":{"line":71,"column":null}},"line":60},"2":{"name":"(anonymous_2)","decl":{"start":{"line":220,"column":26},"end":{"line":220,"column":27}},"loc":{"start":{"line":221,"column":20},"end":{"line":228,"column":null}},"line":221},"3":{"name":"(anonymous_3)","decl":{"start":{"line":234,"column":26},"end":{"line":234,"column":27}},"loc":{"start":{"line":235,"column":20},"end":{"line":243,"column":null}},"line":235},"4":{"name":"(anonymous_4)","decl":{"start":{"line":250,"column":28},"end":{"line":250,"column":29}},"loc":{"start":{"line":251,"column":22},"end":{"line":259,"column":null}},"line":251},"5":{"name":"(anonymous_5)","decl":{"start":{"line":265,"column":28},"end":{"line":265,"column":29}},"loc":{"start":{"line":266,"column":22},"end":{"line":274,"column":null}},"line":266},"6":{"name":"(anonymous_6)","decl":{"start":{"line":286,"column":30},"end":{"line":286,"column":31}},"loc":{"start":{"line":287,"column":24},"end":{"line":316,"column":null}},"line":287},"7":{"name":"(anonymous_7)","decl":{"start":{"line":330,"column":30},"end":{"line":330,"column":31}},"loc":{"start":{"line":331,"column":24},"end":{"line":363,"column":null}},"line":331},"8":{"name":"(anonymous_8)","decl":{"start":{"line":358,"column":49},"end":{"line":358,"column":50}},"loc":{"start":{"line":359,"column":28},"end":{"line":361,"column":null}},"line":359},"9":{"name":"(anonymous_9)","decl":{"start":{"line":375,"column":28},"end":{"line":375,"column":29}},"loc":{"start":{"line":376,"column":22},"end":{"line":383,"column":null}},"line":376},"10":{"name":"(anonymous_10)","decl":{"start":{"line":392,"column":24},"end":{"line":392,"column":25}},"loc":{"start":{"line":393,"column":18},"end":{"line":421,"column":null}},"line":393}},"branchMap":{"0":{"loc":{"start":{"line":64,"column":20},"end":{"line":64,"column":86}},"type":"binary-expr","locations":[{"start":{"line":64,"column":20},"end":{"line":64,"column":39}},{"start":{"line":64,"column":39},"end":{"line":64,"column":86}}],"line":64},"1":{"loc":{"start":{"line":371,"column":17},"end":{"line":385,"column":null}},"type":"binary-expr","locations":[{"start":{"line":371,"column":17},"end":{"line":371,"column":null}},{"start":{"line":372,"column":18},"end":{"line":385,"column":null}}],"line":371},"2":{"loc":{"start":{"line":454,"column":17},"end":{"line":454,"column":null}},"type":"cond-expr","locations":[{"start":{"line":454,"column":32},"end":{"line":454,"column":55}},{"start":{"line":454,"column":55},"end":{"line":454,"column":null}}],"line":454}},"s":{"0":1,"1":1,"2":6,"3":6,"4":6,"5":6,"6":6,"7":6,"8":6,"9":1,"10":1,"11":1,"12":1,"13":1,"14":0,"15":1,"16":6,"17":6,"18":6,"19":9,"20":9,"21":9,"22":9,"23":8,"24":9,"25":45,"26":9,"27":9},"f":{"0":6,"1":1,"2":9,"3":9,"4":9,"5":9,"6":8,"7":9,"8":45,"9":9,"10":9},"b":{"0":[1,0],"1":[6,6],"2":[0,6]},"meta":{"lastBranch":3,"lastFunction":11,"lastStatement":28,"seen":{"s:30:26:36:Infinity":0,"s:38:28:500:Infinity":1,"f:38:28:38:34":0,"s:39:8:39:Infinity":2,"s:40:33:40:Infinity":3,"s:41:8:41:Infinity":4,"s:42:38:42:Infinity":5,"s:44:62:56:Infinity":6,"s:58:15:58:Infinity":7,"s:60:19:71:Infinity":8,"f:60:19:60:26":1,"s:61:4:70:Infinity":9,"s:62:6:62:Infinity":10,"s:63:30:63:Infinity":11,"s:64:6:64:Infinity":12,"b:64:20:64:39:64:39:64:86":0,"s:65:6:65:Infinity":13,"s:67:6:67:Infinity":14,"s:69:6:69:Infinity":15,"s:73:32:107:Infinity":16,"s:109:29:148:Infinity":17,"s:150:2:498:Infinity":18,"f:220:26:220:27":2,"s:221:20:228:Infinity":19,"f:234:26:234:27":3,"s:235:20:243:Infinity":20,"f:250:28:250:29":4,"s:251:22:259:Infinity":21,"f:265:28:265:29":5,"s:266:22:274:Infinity":22,"f:286:30:286:31":6,"s:287:24:316:Infinity":23,"f:330:30:330:31":7,"s:331:24:363:Infinity":24,"f:358:49:358:50":8,"s:359:28:361:Infinity":25,"b:371:17:371:Infinity:372:18:385:Infinity":1,"f:375:28:375:29":9,"s:376:22:383:Infinity":26,"f:392:24:392:25":10,"s:393:18:421:Infinity":27,"b:454:32:454:55:454:55:454:Infinity":2}}}
,"C:\\Users\\ranad\\OneDrive\\Masaüstü\\smart-campus-frontend\\src\\tests\\testUtils.js": {"path":"C:\\Users\\ranad\\OneDrive\\Masaüstü\\smart-campus-frontend\\src\\tests\\testUtils.js","statementMap":{"0":{"start":{"line":5,"column":32},"end":{"line":7,"column":1}},"1":{"start":{"line":6,"column":4},"end":{"line":6,"column":56}}},"fnMap":{"0":{"name":"(anonymous_0)","decl":{"start":{"line":5,"column":32},"end":{"line":5,"column":33}},"loc":{"start":{"line":5,"column":40},"end":{"line":7,"column":1}},"line":5}},"branchMap":{},"s":{"0":2,"1":4},"f":{"0":4},"b":{},"meta":{"lastBranch":0,"lastFunction":1,"lastStatement":2,"seen":{"s:5:32:7:1":0,"f:5:32:5:33":0,"s:6:4:6:56":1}}}
,"C:\\Users\\ranad\\OneDrive\\Masaüstü\\smart-campus-frontend\\src\\utils\\apiError.js": {"path":"C:\\Users\\ranad\\OneDrive\\Masaüstü\\smart-campus-frontend\\src\\utils\\apiError.js","statementMap":{"0":{"start":{"line":2,"column":34},"end":{"line":13,"column":1}},"1":{"start":{"line":3,"column":4},"end":{"line":8,"column":5}},"2":{"start":{"line":4,"column":24},"end":{"line":6,"column":54}},"3":{"start":{"line":7,"column":8},"end":{"line":7,"column":35}},"4":{"start":{"line":9,"column":4},"end":{"line":11,"column":5}},"5":{"start":{"line":10,"column":8},"end":{"line":10,"column":29}},"6":{"start":{"line":12,"column":4},"end":{"line":12,"column":20}}},"fnMap":{"0":{"name":"(anonymous_0)","decl":{"start":{"line":2,"column":34},"end":{"line":2,"column":35}},"loc":{"start":{"line":2,"column":87},"end":{"line":13,"column":1}},"line":2}},"branchMap":{"0":{"loc":{"start":{"line":2,"column":42},"end":{"line":2,"column":82}},"type":"default-arg","locations":[{"start":{"line":2,"column":53},"end":{"line":2,"column":82}}],"line":2},"1":{"loc":{"start":{"line":3,"column":4},"end":{"line":8,"column":5}},"type":"if","locations":[{"start":{"line":3,"column":4},"end":{"line":8,"column":5}},{"start":{},"end":{}}],"line":3},"2":{"loc":{"start":{"line":4,"column":24},"end":{"line":6,"column":54}},"type":"binary-expr","locations":[{"start":{"line":4,"column":24},"end":{"line":4,"column":53}},{"start":{"line":5,"column":12},"end":{"line":5,"column":39}},{"start":{"line":6,"column":12},"end":{"line":6,"column":54}}],"line":4},"3":{"loc":{"start":{"line":7,"column":15},"end":{"line":7,"column":34}},"type":"binary-expr","locations":[{"start":{"line":7,"column":15},"end":{"line":7,"column":22}},{"start":{"line":7,"column":26},"end":{"line":7,"column":34}}],"line":7},"4":{"loc":{"start":{"line":9,"column":4},"end":{"line":11,"column":5}},"type":"if","locations":[{"start":{"line":9,"column":4},"end":{"line":11,"column":5}},{"start":{},"end":{}}],"line":9}},"s":{"0":2,"1":0,"2":0,"3":0,"4":0,"5":0,"6":0},"f":{"0":0},"b":{"0":[0],"1":[0,0],"2":[0,0,0],"3":[0,0],"4":[0,0]},"meta":{"lastBranch":5,"lastFunction":1,"lastStatement":7,"seen":{"s:2:34:13:1":0,"f:2:34:2:35":0,"b:2:53:2:82":0,"b:3:4:8:5:undefined:undefined:undefined:undefined":1,"s:3:4:8:5":1,"s:4:24:6:54":2,"b:4:24:4:53:5:12:5:39:6:12:6:54":2,"s:7:8:7:35":3,"b:7:15:7:22:7:26:7:34":3,"b:9:4:11:5:undefined:undefined:undefined:undefined":4,"s:9:4:11:5":4,"s:10:8:10:29":5,"s:12:4:12:20":6}}}
,"C:\\Users\\ranad\\OneDrive\\Masaüstü\\smart-campus-frontend\\src\\utils\\validationSchemas.js": {"path":"C:\\Users\\ranad\\OneDrive\\Masaüstü\\smart-campus-frontend\\src\\utils\\validationSchemas.js","statementMap":{"0":{"start":{"line":2,"column":23},"end":{"line":7,"column":33}},"1":{"start":{"line":8,"column":27},"end":{"line":12,"column":2}},"2":{"start":{"line":13,"column":30},"end":{"line":32,"column":2}},"3":{"start":{"line":24,"column":26},"end":{"line":24,"column":72}},"4":{"start":{"line":25,"column":31},"end":{"line":25,"column":48}},"5":{"start":{"line":33,"column":36},"end":{"line":35,"column":2}},"6":{"start":{"line":36,"column":35},"end":{"line":42,"column":2}},"7":{"start":{"line":43,"column":29},"end":{"line":47,"column":2}},"8":{"start":{"line":48,"column":36},"end":{"line":55,"column":2}}},"fnMap":{"0":{"name":"(anonymous_0)","decl":{"start":{"line":24,"column":14},"end":{"line":24,"column":15}},"loc":{"start":{"line":24,"column":26},"end":{"line":24,"column":72}},"line":24},"1":{"name":"(anonymous_1)","decl":{"start":{"line":25,"column":19},"end":{"line":25,"column":20}},"loc":{"start":{"line":25,"column":31},"end":{"line":25,"column":48}},"line":25}},"branchMap":{},"s":{"0":2,"1":2,"2":2,"3":4,"4":0,"5":2,"6":2,"7":2,"8":2},"f":{"0":4,"1":0},"b":{},"meta":{"lastBranch":0,"lastFunction":2,"lastStatement":9,"seen":{"s:2:23:7:33":0,"s:8:27:12:2":1,"s:13:30:32:2":2,"f:24:14:24:15":0,"s:24:26:24:72":3,"f:25:19:25:20":1,"s:25:31:25:48":4,"s:33:36:35:2":5,"s:36:35:42:2":6,"s:43:29:47:2":7,"s:48:36:55:2":8}}}
}
